[debug] [2025-09-26T20:12:20.237Z] ----------------------------------------------------------------------
[debug] [2025-09-26T20:12:20.238Z] Command:       /nix/store/ws50yvm6vzlzf7jzz6n7xh4szddrack1-nodejs-20.19.1/bin/node /nix/store/a3jfkfzmr1h8lmk31a8fbchkg5sp12q9-firebase-tools-14.16.0/lib/node_modules/firebase-tools/lib/bin/firebase.js init
[debug] [2025-09-26T20:12:20.239Z] CLI Version:   14.16.0
[debug] [2025-09-26T20:12:20.239Z] Platform:      linux
[debug] [2025-09-26T20:12:20.239Z] Node Version:  v20.19.1
[debug] [2025-09-26T20:12:20.239Z] Time:          Fri Sep 26 2025 20:12:20 GMT+0000 (Coordinated Universal Time)
[debug] [2025-09-26T20:12:20.239Z] ----------------------------------------------------------------------
[debug] 
[debug] [2025-09-26T20:12:20.243Z] No OAuth tokens found
[debug] [2025-09-26T20:12:20.243Z] No OAuth tokens found
[error] Failed to fetch Firebase Project from current Studio Workspace: Unable to refresh auth: not yet authenticated.
[debug] [2025-09-26T20:12:20.247Z] > command requires scopes: ["email","openid","https://www.googleapis.com/auth/cloudplatformprojects.readonly","https://www.googleapis.com/auth/firebase","https://www.googleapis.com/auth/cloud-platform","https://www.googleapis.com/auth/userinfo.email"]
[debug] [2025-09-26T20:13:01.166Z] Running auto auth
[info] 
     ######## #### ########  ######## ########     ###     ######  ########
     ##        ##  ##     ## ##       ##     ##  ##   ##  ##       ##
     ######    ##  ########  ######   ########  #########  ######  ######
     ##        ##  ##    ##  ##       ##     ## ##     ##       ## ##
     ##       #### ##     ## ######## ########  ##     ##  ######  ########

You're about to initialize a Firebase project in this directory:

  /home/user/Run-Development

